Analysis & Synthesis report for Lab3
Tue Dec 10 17:54:42 2019
Quartus Prime Version 18.1.0 Build 625 09/12/2018 SJ Lite Edition


---------------------
; Table of Contents ;
---------------------
  1. Legal Notice
  2. Analysis & Synthesis Summary
  3. Analysis & Synthesis Settings
  4. Parallel Compilation
  5. Analysis & Synthesis Source Files Read
  6. Analysis & Synthesis Resource Usage Summary
  7. Analysis & Synthesis Resource Utilization by Entity
  8. Registers Removed During Synthesis
  9. General Register Statistics
 10. Inverted Register Statistics
 11. Multiplexer Restructuring Statistics (Restructuring Performed)
 12. Parameter Settings for User Entity Instance: Top-level Entity: |Lab3
 13. Parameter Settings for User Entity Instance: clock_divider:CD0
 14. Parameter Settings for User Entity Instance: CSL:CSL0
 15. Parameter Settings for User Entity Instance: NSL:NSL0
 16. Parameter Settings for User Entity Instance: OL:OL0
 17. Port Connectivity Checks: "OL:OL0|SevenSeg:SS0"
 18. Port Connectivity Checks: "SevenSeg:SS5"
 19. Port Connectivity Checks: "SevenSeg:SS4"
 20. Port Connectivity Checks: "SevenSeg:SS3"
 21. Port Connectivity Checks: "SevenSeg:SS2"
 22. Port Connectivity Checks: "SevenSeg:SS1"
 23. Post-Synthesis Netlist Statistics for Top Partition
 24. Elapsed Time Per Partition
 25. Analysis & Synthesis Messages
 26. Analysis & Synthesis Suppressed Messages



----------------
; Legal Notice ;
----------------
Copyright (C) 2018  Intel Corporation. All rights reserved.
Your use of Intel Corporation's design tools, logic functions 
and other software and tools, and its AMPP partner logic 
functions, and any output files from any of the foregoing 
(including device programming or simulation files), and any 
associated documentation or information are expressly subject 
to the terms and conditions of the Intel Program License 
Subscription Agreement, the Intel Quartus Prime License Agreement,
the Intel FPGA IP License Agreement, or other applicable license
agreement, including, without limitation, that your use is for
the sole purpose of programming logic devices manufactured by
Intel and sold by Intel or its authorized distributors.  Please
refer to the applicable agreement for further details.



+----------------------------------------------------------------------------------+
; Analysis & Synthesis Summary                                                     ;
+------------------------------------+---------------------------------------------+
; Analysis & Synthesis Status        ; Successful - Tue Dec 10 17:54:42 2019       ;
; Quartus Prime Version              ; 18.1.0 Build 625 09/12/2018 SJ Lite Edition ;
; Revision Name                      ; Lab3                                        ;
; Top-level Entity Name              ; Lab3                                        ;
; Family                             ; MAX 10                                      ;
; Total logic elements               ; 58                                          ;
;     Total combinational functions  ; 58                                          ;
;     Dedicated logic registers      ; 38                                          ;
; Total registers                    ; 38                                          ;
; Total pins                         ; 73                                          ;
; Total virtual pins                 ; 0                                           ;
; Total memory bits                  ; 0                                           ;
; Embedded Multiplier 9-bit elements ; 0                                           ;
; Total PLLs                         ; 0                                           ;
; UFM blocks                         ; 0                                           ;
; ADC blocks                         ; 0                                           ;
+------------------------------------+---------------------------------------------+


+------------------------------------------------------------------------------------------------------------+
; Analysis & Synthesis Settings                                                                              ;
+------------------------------------------------------------------+--------------------+--------------------+
; Option                                                           ; Setting            ; Default Value      ;
+------------------------------------------------------------------+--------------------+--------------------+
; Device                                                           ; 10M50DAF484C7G     ;                    ;
; Top-level entity name                                            ; Lab3               ; Lab3               ;
; Family name                                                      ; MAX 10 FPGA        ; Cyclone V          ;
; Use smart compilation                                            ; Off                ; Off                ;
; Enable parallel Assembler and Timing Analyzer during compilation ; On                 ; On                 ;
; Enable compact report table                                      ; Off                ; Off                ;
; Restructure Multiplexers                                         ; Auto               ; Auto               ;
; Create Debugging Nodes for IP Cores                              ; Off                ; Off                ;
; Preserve fewer node names                                        ; On                 ; On                 ;
; Intel FPGA IP Evaluation Mode                                    ; Enable             ; Enable             ;
; Verilog Version                                                  ; Verilog_2001       ; Verilog_2001       ;
; VHDL Version                                                     ; VHDL_1993          ; VHDL_1993          ;
; State Machine Processing                                         ; Auto               ; Auto               ;
; Safe State Machine                                               ; Off                ; Off                ;
; Extract Verilog State Machines                                   ; On                 ; On                 ;
; Extract VHDL State Machines                                      ; On                 ; On                 ;
; Ignore Verilog initial constructs                                ; Off                ; Off                ;
; Iteration limit for constant Verilog loops                       ; 5000               ; 5000               ;
; Iteration limit for non-constant Verilog loops                   ; 250                ; 250                ;
; Add Pass-Through Logic to Inferred RAMs                          ; On                 ; On                 ;
; Infer RAMs from Raw Logic                                        ; On                 ; On                 ;
; Parallel Synthesis                                               ; On                 ; On                 ;
; DSP Block Balancing                                              ; Auto               ; Auto               ;
; NOT Gate Push-Back                                               ; On                 ; On                 ;
; Power-Up Don't Care                                              ; On                 ; On                 ;
; Remove Redundant Logic Cells                                     ; Off                ; Off                ;
; Remove Duplicate Registers                                       ; On                 ; On                 ;
; Ignore CARRY Buffers                                             ; Off                ; Off                ;
; Ignore CASCADE Buffers                                           ; Off                ; Off                ;
; Ignore GLOBAL Buffers                                            ; Off                ; Off                ;
; Ignore ROW GLOBAL Buffers                                        ; Off                ; Off                ;
; Ignore LCELL Buffers                                             ; Off                ; Off                ;
; Ignore SOFT Buffers                                              ; On                 ; On                 ;
; Limit AHDL Integers to 32 Bits                                   ; Off                ; Off                ;
; Optimization Technique                                           ; Balanced           ; Balanced           ;
; Carry Chain Length                                               ; 70                 ; 70                 ;
; Auto Carry Chains                                                ; On                 ; On                 ;
; Auto Open-Drain Pins                                             ; On                 ; On                 ;
; Perform WYSIWYG Primitive Resynthesis                            ; Off                ; Off                ;
; Auto ROM Replacement                                             ; On                 ; On                 ;
; Auto RAM Replacement                                             ; On                 ; On                 ;
; Auto DSP Block Replacement                                       ; On                 ; On                 ;
; Auto Shift Register Replacement                                  ; Auto               ; Auto               ;
; Allow Shift Register Merging across Hierarchies                  ; Auto               ; Auto               ;
; Auto Clock Enable Replacement                                    ; On                 ; On                 ;
; Strict RAM Replacement                                           ; Off                ; Off                ;
; Allow Synchronous Control Signals                                ; On                 ; On                 ;
; Force Use of Synchronous Clear Signals                           ; Off                ; Off                ;
; Auto RAM Block Balancing                                         ; On                 ; On                 ;
; Auto RAM to Logic Cell Conversion                                ; Off                ; Off                ;
; Auto Resource Sharing                                            ; Off                ; Off                ;
; Allow Any RAM Size For Recognition                               ; Off                ; Off                ;
; Allow Any ROM Size For Recognition                               ; Off                ; Off                ;
; Allow Any Shift Register Size For Recognition                    ; Off                ; Off                ;
; Use LogicLock Constraints during Resource Balancing              ; On                 ; On                 ;
; Ignore translate_off and synthesis_off directives                ; Off                ; Off                ;
; Timing-Driven Synthesis                                          ; On                 ; On                 ;
; Report Parameter Settings                                        ; On                 ; On                 ;
; Report Source Assignments                                        ; On                 ; On                 ;
; Report Connectivity Checks                                       ; On                 ; On                 ;
; Ignore Maximum Fan-Out Assignments                               ; Off                ; Off                ;
; Synchronization Register Chain Length                            ; 2                  ; 2                  ;
; Power Optimization During Synthesis                              ; Normal compilation ; Normal compilation ;
; HDL message level                                                ; Level2             ; Level2             ;
; Suppress Register Optimization Related Messages                  ; Off                ; Off                ;
; Number of Removed Registers Reported in Synthesis Report         ; 5000               ; 5000               ;
; Number of Swept Nodes Reported in Synthesis Report               ; 5000               ; 5000               ;
; Number of Inverted Registers Reported in Synthesis Report        ; 100                ; 100                ;
; Clock MUX Protection                                             ; On                 ; On                 ;
; Auto Gated Clock Conversion                                      ; Off                ; Off                ;
; Block Design Naming                                              ; Auto               ; Auto               ;
; SDC constraint protection                                        ; Off                ; Off                ;
; Synthesis Effort                                                 ; Auto               ; Auto               ;
; Shift Register Replacement - Allow Asynchronous Clear Signal     ; On                 ; On                 ;
; Pre-Mapping Resynthesis Optimization                             ; Off                ; Off                ;
; Analysis & Synthesis Message Level                               ; Medium             ; Medium             ;
; Disable Register Merging Across Hierarchies                      ; Auto               ; Auto               ;
; Resource Aware Inference For Block RAM                           ; On                 ; On                 ;
+------------------------------------------------------------------+--------------------+--------------------+


+------------------------------------------+
; Parallel Compilation                     ;
+----------------------------+-------------+
; Processors                 ; Number      ;
+----------------------------+-------------+
; Number detected on machine ; 12          ;
; Maximum allowed            ; 6           ;
;                            ;             ;
; Average used               ; 1.00        ;
; Maximum used               ; 6           ;
;                            ;             ;
; Usage by Processor         ; % Time Used ;
;     Processor 1            ; 100.0%      ;
;     Processors 2-6         ;   0.0%      ;
+----------------------------+-------------+


+------------------------------------------------------------------------------------------------------------------------------------------------------------------------------+
; Analysis & Synthesis Source Files Read                                                                                                                                       ;
+----------------------------------+-----------------+------------------------+--------------------------------------------------------------------------------------+---------+
; File Name with User-Entered Path ; Used in Netlist ; File Type              ; File Name with Absolute Path                                                         ; Library ;
+----------------------------------+-----------------+------------------------+--------------------------------------------------------------------------------------+---------+
; ../Source/SevenSeg.v             ; yes             ; User Verilog HDL File  ; C:/Users/adamp/Documents/GitHub/ECEN-2350-Dgitial-Logic-Lab-3/Source/SevenSeg.v      ;         ;
; ../Source/OL.v                   ; yes             ; User Verilog HDL File  ; C:/Users/adamp/Documents/GitHub/ECEN-2350-Dgitial-Logic-Lab-3/Source/OL.v            ;         ;
; ../Source/NSL.v                  ; yes             ; User Verilog HDL File  ; C:/Users/adamp/Documents/GitHub/ECEN-2350-Dgitial-Logic-Lab-3/Source/NSL.v           ;         ;
; ../Source/Lab3.v                 ; yes             ; User Verilog HDL File  ; C:/Users/adamp/Documents/GitHub/ECEN-2350-Dgitial-Logic-Lab-3/Source/Lab3.v          ;         ;
; ../Source/CSL.v                  ; yes             ; User Verilog HDL File  ; C:/Users/adamp/Documents/GitHub/ECEN-2350-Dgitial-Logic-Lab-3/Source/CSL.v           ;         ;
; ../Source/clock_divider.v        ; yes             ; User Verilog HDL File  ; C:/Users/adamp/Documents/GitHub/ECEN-2350-Dgitial-Logic-Lab-3/Source/clock_divider.v ;         ;
+----------------------------------+-----------------+------------------------+--------------------------------------------------------------------------------------+---------+


+-----------------------------------------------------------+
; Analysis & Synthesis Resource Usage Summary               ;
+---------------------------------------------+-------------+
; Resource                                    ; Usage       ;
+---------------------------------------------+-------------+
; Estimated Total logic elements              ; 58          ;
;                                             ;             ;
; Total combinational functions               ; 58          ;
; Logic element usage by number of LUT inputs ;             ;
;     -- 4 input functions                    ; 22          ;
;     -- 3 input functions                    ; 4           ;
;     -- <=2 input functions                  ; 32          ;
;                                             ;             ;
; Logic elements by mode                      ;             ;
;     -- normal mode                          ; 35          ;
;     -- arithmetic mode                      ; 23          ;
;                                             ;             ;
; Total registers                             ; 38          ;
;     -- Dedicated logic registers            ; 38          ;
;     -- I/O registers                        ; 0           ;
;                                             ;             ;
; I/O pins                                    ; 73          ;
;                                             ;             ;
; Embedded Multiplier 9-bit elements          ; 0           ;
;                                             ;             ;
; Maximum fan-out node                        ; reset_latch ;
; Maximum fan-out                             ; 37          ;
; Total fan-out                               ; 354         ;
; Average fan-out                             ; 1.46        ;
+---------------------------------------------+-------------+


+--------------------------------------------------------------------------------------------------------------------------------------------------------------------------------------------------------------------------------------------+
; Analysis & Synthesis Resource Utilization by Entity                                                                                                                                                                                        ;
+----------------------------+---------------------+---------------------------+-------------+------------+--------------+---------+-----------+------+--------------+------------+---------------------------+---------------+--------------+
; Compilation Hierarchy Node ; Combinational ALUTs ; Dedicated Logic Registers ; Memory Bits ; UFM Blocks ; DSP Elements ; DSP 9x9 ; DSP 18x18 ; Pins ; Virtual Pins ; ADC blocks ; Full Hierarchy Name       ; Entity Name   ; Library Name ;
+----------------------------+---------------------+---------------------------+-------------+------------+--------------+---------+-----------+------+--------------+------------+---------------------------+---------------+--------------+
; |Lab3                      ; 58 (2)              ; 38 (2)                    ; 0           ; 0          ; 0            ; 0       ; 0         ; 73   ; 0            ; 0          ; |Lab3                     ; Lab3          ; work         ;
;    |CSL:CSL0|              ; 0 (0)               ; 2 (2)                     ; 0           ; 0          ; 0            ; 0       ; 0         ; 0    ; 0            ; 0          ; |Lab3|CSL:CSL0            ; CSL           ; work         ;
;    |NSL:NSL0|              ; 2 (2)               ; 0 (0)                     ; 0           ; 0          ; 0            ; 0       ; 0         ; 0    ; 0            ; 0          ; |Lab3|NSL:NSL0            ; NSL           ; work         ;
;    |OL:OL0|                ; 14 (12)             ; 9 (9)                     ; 0           ; 0          ; 0            ; 0       ; 0         ; 0    ; 0            ; 0          ; |Lab3|OL:OL0              ; OL            ; work         ;
;       |SevenSeg:SS0|       ; 2 (2)               ; 0 (0)                     ; 0           ; 0          ; 0            ; 0       ; 0         ; 0    ; 0            ; 0          ; |Lab3|OL:OL0|SevenSeg:SS0 ; SevenSeg      ; work         ;
;    |clock_divider:CD0|     ; 40 (40)             ; 25 (25)                   ; 0           ; 0          ; 0            ; 0       ; 0         ; 0    ; 0            ; 0          ; |Lab3|clock_divider:CD0   ; clock_divider ; work         ;
+----------------------------+---------------------+---------------------------+-------------+------------+--------------+---------+-----------+------+--------------+------------+---------------------------+---------------+--------------+
Note: For table entries with two numbers listed, the numbers in parentheses indicate the number of resources of the given type used by the specific entity alone. The numbers listed outside of parentheses indicate the total resources of the given type used by the specific entity and all of its sub-entities in the hierarchy.


+--------------------------------------------------------------------------------+
; Registers Removed During Synthesis                                             ;
+---------------------------------------+----------------------------------------+
; Register name                         ; Reason for Removal                     ;
+---------------------------------------+----------------------------------------+
; CSL:CSL0|CurrentState[2]              ; Stuck at GND due to stuck port data_in ;
; Total Number of Removed Registers = 1 ;                                        ;
+---------------------------------------+----------------------------------------+


+------------------------------------------------------+
; General Register Statistics                          ;
+----------------------------------------------+-------+
; Statistic                                    ; Value ;
+----------------------------------------------+-------+
; Total registers                              ; 38    ;
; Number of registers using Synchronous Clear  ; 0     ;
; Number of registers using Synchronous Load   ; 0     ;
; Number of registers using Asynchronous Clear ; 32    ;
; Number of registers using Asynchronous Load  ; 0     ;
; Number of registers using Clock Enable       ; 0     ;
; Number of registers using Preset             ; 0     ;
+----------------------------------------------+-------+


+--------------------------------------------------+
; Inverted Register Statistics                     ;
+----------------------------------------+---------+
; Inverted Register                      ; Fan out ;
+----------------------------------------+---------+
; reset_latch                            ; 37      ;
; Total number of inverted registers = 1 ;         ;
+----------------------------------------+---------+


+------------------------------------------------------------------------------------------------------------------------------------------+
; Multiplexer Restructuring Statistics (Restructuring Performed)                                                                           ;
+--------------------+-----------+---------------+----------------------+------------------------+------------+----------------------------+
; Multiplexer Inputs ; Bus Width ; Baseline Area ; Area if Restructured ; Saving if Restructured ; Registered ; Example Multiplexer Output ;
+--------------------+-----------+---------------+----------------------+------------------------+------------+----------------------------+
; 3:1                ; 3 bits    ; 6 LEs         ; 6 LEs                ; 0 LEs                  ; Yes        ; |Lab3|OL:OL0|LEDR_R[0]     ;
; 3:1                ; 3 bits    ; 6 LEs         ; 6 LEs                ; 0 LEs                  ; Yes        ; |Lab3|OL:OL0|LEDR_L[2]     ;
; 3:1                ; 2 bits    ; 4 LEs         ; 2 LEs                ; 2 LEs                  ; Yes        ; |Lab3|OL:OL0|turn_cnt[1]   ;
+--------------------+-----------+---------------+----------------------+------------------------+------------+----------------------------+


+----------------------------------------------------------------------+
; Parameter Settings for User Entity Instance: Top-level Entity: |Lab3 ;
+--------------------+-------+-----------------------------------------+
; Parameter Name     ; Value ; Type                                    ;
+--------------------+-------+-----------------------------------------+
; par_idle           ; 000   ; Unsigned Binary                         ;
; par_hazard         ; 001   ; Unsigned Binary                         ;
; par_turn_sig_left  ; 010   ; Unsigned Binary                         ;
; par_turn_sig_right ; 011   ; Unsigned Binary                         ;
+--------------------+-------+-----------------------------------------+
Note: In order to hide this table in the UI and the text report file, please set the "Show Parameter Settings in Synthesis Report" option in "Analysis and Synthesis Settings -> More Settings" to "Off".


+----------------------------------------------------------------+
; Parameter Settings for User Entity Instance: clock_divider:CD0 ;
+----------------+---------+-------------------------------------+
; Parameter Name ; Value   ; Type                                ;
+----------------+---------+-------------------------------------+
; clk_div        ; 1000000 ; Signed Integer                      ;
+----------------+---------+-------------------------------------+
Note: In order to hide this table in the UI and the text report file, please set the "Show Parameter Settings in Synthesis Report" option in "Analysis and Synthesis Settings -> More Settings" to "Off".


+-------------------------------------------------------+
; Parameter Settings for User Entity Instance: CSL:CSL0 ;
+--------------------+-------+--------------------------+
; Parameter Name     ; Value ; Type                     ;
+--------------------+-------+--------------------------+
; par_idle           ; 000   ; Unsigned Binary          ;
; par_hazard         ; 001   ; Unsigned Binary          ;
; par_turn_sig_left  ; 010   ; Unsigned Binary          ;
; par_turn_sig_right ; 011   ; Unsigned Binary          ;
+--------------------+-------+--------------------------+
Note: In order to hide this table in the UI and the text report file, please set the "Show Parameter Settings in Synthesis Report" option in "Analysis and Synthesis Settings -> More Settings" to "Off".


+-------------------------------------------------------+
; Parameter Settings for User Entity Instance: NSL:NSL0 ;
+--------------------+-------+--------------------------+
; Parameter Name     ; Value ; Type                     ;
+--------------------+-------+--------------------------+
; par_idle           ; 000   ; Unsigned Binary          ;
; par_hazard         ; 001   ; Unsigned Binary          ;
; par_turn_sig_left  ; 010   ; Unsigned Binary          ;
; par_turn_sig_right ; 011   ; Unsigned Binary          ;
+--------------------+-------+--------------------------+
Note: In order to hide this table in the UI and the text report file, please set the "Show Parameter Settings in Synthesis Report" option in "Analysis and Synthesis Settings -> More Settings" to "Off".


+-----------------------------------------------------+
; Parameter Settings for User Entity Instance: OL:OL0 ;
+--------------------+-------+------------------------+
; Parameter Name     ; Value ; Type                   ;
+--------------------+-------+------------------------+
; par_idle           ; 000   ; Unsigned Binary        ;
; par_hazard         ; 001   ; Unsigned Binary        ;
; par_turn_sig_left  ; 010   ; Unsigned Binary        ;
; par_turn_sig_right ; 011   ; Unsigned Binary        ;
+--------------------+-------+------------------------+
Note: In order to hide this table in the UI and the text report file, please set the "Show Parameter Settings in Synthesis Report" option in "Analysis and Synthesis Settings -> More Settings" to "Off".


+-------------------------------------------------+
; Port Connectivity Checks: "OL:OL0|SevenSeg:SS0" ;
+-----------+-------+----------+------------------+
; Port      ; Type  ; Severity ; Details          ;
+-----------+-------+----------+------------------+
; NUM[7..3] ; Input ; Info     ; Stuck at GND     ;
+-----------+-------+----------+------------------+


+---------------------------------------------+
; Port Connectivity Checks: "SevenSeg:SS5"    ;
+-----------+-------+----------+--------------+
; Port      ; Type  ; Severity ; Details      ;
+-----------+-------+----------+--------------+
; NUM[4..3] ; Input ; Info     ; Stuck at VCC ;
; NUM[2..0] ; Input ; Info     ; Stuck at GND ;
; NUM[7]    ; Input ; Info     ; Stuck at GND ;
; NUM[6]    ; Input ; Info     ; Stuck at VCC ;
; NUM[5]    ; Input ; Info     ; Stuck at GND ;
+-----------+-------+----------+--------------+


+---------------------------------------------+
; Port Connectivity Checks: "SevenSeg:SS4"    ;
+-----------+-------+----------+--------------+
; Port      ; Type  ; Severity ; Details      ;
+-----------+-------+----------+--------------+
; NUM[4..3] ; Input ; Info     ; Stuck at VCC ;
; NUM[2..0] ; Input ; Info     ; Stuck at GND ;
; NUM[7]    ; Input ; Info     ; Stuck at GND ;
; NUM[6]    ; Input ; Info     ; Stuck at VCC ;
; NUM[5]    ; Input ; Info     ; Stuck at GND ;
+-----------+-------+----------+--------------+


+---------------------------------------------+
; Port Connectivity Checks: "SevenSeg:SS3"    ;
+-----------+-------+----------+--------------+
; Port      ; Type  ; Severity ; Details      ;
+-----------+-------+----------+--------------+
; NUM[4..3] ; Input ; Info     ; Stuck at VCC ;
; NUM[2..0] ; Input ; Info     ; Stuck at GND ;
; NUM[7]    ; Input ; Info     ; Stuck at GND ;
; NUM[6]    ; Input ; Info     ; Stuck at VCC ;
; NUM[5]    ; Input ; Info     ; Stuck at GND ;
+-----------+-------+----------+--------------+


+---------------------------------------------+
; Port Connectivity Checks: "SevenSeg:SS2"    ;
+-----------+-------+----------+--------------+
; Port      ; Type  ; Severity ; Details      ;
+-----------+-------+----------+--------------+
; NUM[4..3] ; Input ; Info     ; Stuck at VCC ;
; NUM[2..0] ; Input ; Info     ; Stuck at GND ;
; NUM[7]    ; Input ; Info     ; Stuck at GND ;
; NUM[6]    ; Input ; Info     ; Stuck at VCC ;
; NUM[5]    ; Input ; Info     ; Stuck at GND ;
+-----------+-------+----------+--------------+


+---------------------------------------------+
; Port Connectivity Checks: "SevenSeg:SS1"    ;
+-----------+-------+----------+--------------+
; Port      ; Type  ; Severity ; Details      ;
+-----------+-------+----------+--------------+
; NUM[4..3] ; Input ; Info     ; Stuck at VCC ;
; NUM[2..0] ; Input ; Info     ; Stuck at GND ;
; NUM[7]    ; Input ; Info     ; Stuck at GND ;
; NUM[6]    ; Input ; Info     ; Stuck at VCC ;
; NUM[5]    ; Input ; Info     ; Stuck at GND ;
+-----------+-------+----------+--------------+


+-----------------------------------------------------+
; Post-Synthesis Netlist Statistics for Top Partition ;
+-----------------------+-----------------------------+
; Type                  ; Count                       ;
+-----------------------+-----------------------------+
; boundary_port         ; 73                          ;
; cycloneiii_ff         ; 38                          ;
;     CLR               ; 32                          ;
;     plain             ; 6                           ;
; cycloneiii_lcell_comb ; 61                          ;
;     arith             ; 23                          ;
;         2 data inputs ; 23                          ;
;     normal            ; 38                          ;
;         0 data inputs ; 2                           ;
;         1 data inputs ; 4                           ;
;         2 data inputs ; 6                           ;
;         3 data inputs ; 4                           ;
;         4 data inputs ; 22                          ;
;                       ;                             ;
; Max LUT depth         ; 3.90                        ;
; Average LUT depth     ; 2.46                        ;
+-----------------------+-----------------------------+


+-------------------------------+
; Elapsed Time Per Partition    ;
+----------------+--------------+
; Partition Name ; Elapsed Time ;
+----------------+--------------+
; Top            ; 00:00:00     ;
+----------------+--------------+


+-------------------------------+
; Analysis & Synthesis Messages ;
+-------------------------------+
Info: *******************************************************************
Info: Running Quartus Prime Analysis & Synthesis
    Info: Version 18.1.0 Build 625 09/12/2018 SJ Lite Edition
    Info: Processing started: Tue Dec 10 17:54:30 2019
Info: Command: quartus_map --read_settings_files=on --write_settings_files=off Lab3 -c Lab3
Warning (18236): Number of processors has not been specified which may cause overloading on shared machines.  Set the global assignment NUM_PARALLEL_PROCESSORS in your QSF to an appropriate value for best performance.
Info (20030): Parallel compilation is enabled and will use 6 of the 6 processors detected
Info (12021): Found 1 design units, including 1 entities, in source file /users/adamp/documents/github/ecen-2350-dgitial-logic-lab-3/source/sevenseg.v
    Info (12023): Found entity 1: SevenSeg File: C:/Users/adamp/Documents/GitHub/ECEN-2350-Dgitial-Logic-Lab-3/Source/SevenSeg.v Line: 1
Info (12021): Found 1 design units, including 1 entities, in source file /users/adamp/documents/github/ecen-2350-dgitial-logic-lab-3/source/ol.v
    Info (12023): Found entity 1: OL File: C:/Users/adamp/Documents/GitHub/ECEN-2350-Dgitial-Logic-Lab-3/Source/OL.v Line: 1
Info (12021): Found 1 design units, including 1 entities, in source file /users/adamp/documents/github/ecen-2350-dgitial-logic-lab-3/source/nsl.v
    Info (12023): Found entity 1: NSL File: C:/Users/adamp/Documents/GitHub/ECEN-2350-Dgitial-Logic-Lab-3/Source/NSL.v Line: 1
Info (12021): Found 1 design units, including 1 entities, in source file /users/adamp/documents/github/ecen-2350-dgitial-logic-lab-3/source/lab3.v
    Info (12023): Found entity 1: Lab3 File: C:/Users/adamp/Documents/GitHub/ECEN-2350-Dgitial-Logic-Lab-3/Source/Lab3.v Line: 6
Info (12021): Found 1 design units, including 1 entities, in source file /users/adamp/documents/github/ecen-2350-dgitial-logic-lab-3/source/csl.v
    Info (12023): Found entity 1: CSL File: C:/Users/adamp/Documents/GitHub/ECEN-2350-Dgitial-Logic-Lab-3/Source/CSL.v Line: 1
Info (12021): Found 1 design units, including 1 entities, in source file /users/adamp/documents/github/ecen-2350-dgitial-logic-lab-3/source/clock_divider.v
    Info (12023): Found entity 1: clock_divider File: C:/Users/adamp/Documents/GitHub/ECEN-2350-Dgitial-Logic-Lab-3/Source/clock_divider.v Line: 1
Info (12127): Elaborating entity "Lab3" for the top level hierarchy
Info (12128): Elaborating entity "SevenSeg" for hierarchy "SevenSeg:SS1" File: C:/Users/adamp/Documents/GitHub/ECEN-2350-Dgitial-Logic-Lab-3/Source/Lab3.v Line: 33
Warning (10270): Verilog HDL Case Statement warning at SevenSeg.v(18): incomplete case statement has no default case item File: C:/Users/adamp/Documents/GitHub/ECEN-2350-Dgitial-Logic-Lab-3/Source/SevenSeg.v Line: 18
Warning (10240): Verilog HDL Always Construct warning at SevenSeg.v(16): inferring latch(es) for variable "value", which holds its previous value in one or more paths through the always construct File: C:/Users/adamp/Documents/GitHub/ECEN-2350-Dgitial-Logic-Lab-3/Source/SevenSeg.v Line: 16
Info (10041): Inferred latch for "value[0]" at SevenSeg.v(16) File: C:/Users/adamp/Documents/GitHub/ECEN-2350-Dgitial-Logic-Lab-3/Source/SevenSeg.v Line: 16
Info (10041): Inferred latch for "value[1]" at SevenSeg.v(16) File: C:/Users/adamp/Documents/GitHub/ECEN-2350-Dgitial-Logic-Lab-3/Source/SevenSeg.v Line: 16
Info (10041): Inferred latch for "value[2]" at SevenSeg.v(16) File: C:/Users/adamp/Documents/GitHub/ECEN-2350-Dgitial-Logic-Lab-3/Source/SevenSeg.v Line: 16
Info (10041): Inferred latch for "value[3]" at SevenSeg.v(16) File: C:/Users/adamp/Documents/GitHub/ECEN-2350-Dgitial-Logic-Lab-3/Source/SevenSeg.v Line: 16
Info (10041): Inferred latch for "value[4]" at SevenSeg.v(16) File: C:/Users/adamp/Documents/GitHub/ECEN-2350-Dgitial-Logic-Lab-3/Source/SevenSeg.v Line: 16
Info (10041): Inferred latch for "value[5]" at SevenSeg.v(16) File: C:/Users/adamp/Documents/GitHub/ECEN-2350-Dgitial-Logic-Lab-3/Source/SevenSeg.v Line: 16
Info (10041): Inferred latch for "value[6]" at SevenSeg.v(16) File: C:/Users/adamp/Documents/GitHub/ECEN-2350-Dgitial-Logic-Lab-3/Source/SevenSeg.v Line: 16
Info (10041): Inferred latch for "value[7]" at SevenSeg.v(16) File: C:/Users/adamp/Documents/GitHub/ECEN-2350-Dgitial-Logic-Lab-3/Source/SevenSeg.v Line: 16
Info (12128): Elaborating entity "clock_divider" for hierarchy "clock_divider:CD0" File: C:/Users/adamp/Documents/GitHub/ECEN-2350-Dgitial-Logic-Lab-3/Source/Lab3.v Line: 50
Warning (10230): Verilog HDL assignment warning at clock_divider.v(27): truncated value with size 32 to match size of target (24) File: C:/Users/adamp/Documents/GitHub/ECEN-2350-Dgitial-Logic-Lab-3/Source/clock_divider.v Line: 27
Info (12128): Elaborating entity "CSL" for hierarchy "CSL:CSL0" File: C:/Users/adamp/Documents/GitHub/ECEN-2350-Dgitial-Logic-Lab-3/Source/Lab3.v Line: 70
Info (12128): Elaborating entity "NSL" for hierarchy "NSL:NSL0" File: C:/Users/adamp/Documents/GitHub/ECEN-2350-Dgitial-Logic-Lab-3/Source/Lab3.v Line: 71
Warning (10235): Verilog HDL Always Construct warning at NSL.v(19): variable "SW" is read inside the Always Construct but isn't in the Always Construct's Event Control File: C:/Users/adamp/Documents/GitHub/ECEN-2350-Dgitial-Logic-Lab-3/Source/NSL.v Line: 19
Warning (10235): Verilog HDL Always Construct warning at NSL.v(23): variable "SW" is read inside the Always Construct but isn't in the Always Construct's Event Control File: C:/Users/adamp/Documents/GitHub/ECEN-2350-Dgitial-Logic-Lab-3/Source/NSL.v Line: 23
Warning (10235): Verilog HDL Always Construct warning at NSL.v(25): variable "turn_sig_latch" is read inside the Always Construct but isn't in the Always Construct's Event Control File: C:/Users/adamp/Documents/GitHub/ECEN-2350-Dgitial-Logic-Lab-3/Source/NSL.v Line: 25
Info (12128): Elaborating entity "OL" for hierarchy "OL:OL0" File: C:/Users/adamp/Documents/GitHub/ECEN-2350-Dgitial-Logic-Lab-3/Source/Lab3.v Line: 72
Warning (10230): Verilog HDL assignment warning at OL.v(49): truncated value with size 32 to match size of target (2) File: C:/Users/adamp/Documents/GitHub/ECEN-2350-Dgitial-Logic-Lab-3/Source/OL.v Line: 49
Warning (14026): LATCH primitive "OL:OL0|SevenSeg:SS0|value[1]" is permanently enabled File: C:/Users/adamp/Documents/GitHub/ECEN-2350-Dgitial-Logic-Lab-3/Source/SevenSeg.v Line: 16
Warning (14026): LATCH primitive "OL:OL0|SevenSeg:SS0|value[2]" is permanently enabled File: C:/Users/adamp/Documents/GitHub/ECEN-2350-Dgitial-Logic-Lab-3/Source/SevenSeg.v Line: 16
Warning (14026): LATCH primitive "OL:OL0|SevenSeg:SS0|value[3]" is permanently enabled File: C:/Users/adamp/Documents/GitHub/ECEN-2350-Dgitial-Logic-Lab-3/Source/SevenSeg.v Line: 16
Warning (14026): LATCH primitive "OL:OL0|SevenSeg:SS0|value[4]" is permanently enabled File: C:/Users/adamp/Documents/GitHub/ECEN-2350-Dgitial-Logic-Lab-3/Source/SevenSeg.v Line: 16
Warning (14026): LATCH primitive "OL:OL0|SevenSeg:SS0|value[5]" is permanently enabled File: C:/Users/adamp/Documents/GitHub/ECEN-2350-Dgitial-Logic-Lab-3/Source/SevenSeg.v Line: 16
Warning (14026): LATCH primitive "OL:OL0|SevenSeg:SS0|value[6]" is permanently enabled File: C:/Users/adamp/Documents/GitHub/ECEN-2350-Dgitial-Logic-Lab-3/Source/SevenSeg.v Line: 16
Warning (14026): LATCH primitive "OL:OL0|SevenSeg:SS0|value[0]" is permanently enabled File: C:/Users/adamp/Documents/GitHub/ECEN-2350-Dgitial-Logic-Lab-3/Source/SevenSeg.v Line: 16
Warning (13024): Output pins are stuck at VCC or GND
    Warning (13410): Pin "HEX0[1]" is stuck at GND File: C:/Users/adamp/Documents/GitHub/ECEN-2350-Dgitial-Logic-Lab-3/Source/Lab3.v Line: 14
    Warning (13410): Pin "HEX0[7]" is stuck at VCC File: C:/Users/adamp/Documents/GitHub/ECEN-2350-Dgitial-Logic-Lab-3/Source/Lab3.v Line: 14
    Warning (13410): Pin "HEX1[0]" is stuck at VCC File: C:/Users/adamp/Documents/GitHub/ECEN-2350-Dgitial-Logic-Lab-3/Source/Lab3.v Line: 15
    Warning (13410): Pin "HEX1[1]" is stuck at VCC File: C:/Users/adamp/Documents/GitHub/ECEN-2350-Dgitial-Logic-Lab-3/Source/Lab3.v Line: 15
    Warning (13410): Pin "HEX1[2]" is stuck at VCC File: C:/Users/adamp/Documents/GitHub/ECEN-2350-Dgitial-Logic-Lab-3/Source/Lab3.v Line: 15
    Warning (13410): Pin "HEX1[3]" is stuck at VCC File: C:/Users/adamp/Documents/GitHub/ECEN-2350-Dgitial-Logic-Lab-3/Source/Lab3.v Line: 15
    Warning (13410): Pin "HEX1[4]" is stuck at VCC File: C:/Users/adamp/Documents/GitHub/ECEN-2350-Dgitial-Logic-Lab-3/Source/Lab3.v Line: 15
    Warning (13410): Pin "HEX1[5]" is stuck at VCC File: C:/Users/adamp/Documents/GitHub/ECEN-2350-Dgitial-Logic-Lab-3/Source/Lab3.v Line: 15
    Warning (13410): Pin "HEX1[6]" is stuck at VCC File: C:/Users/adamp/Documents/GitHub/ECEN-2350-Dgitial-Logic-Lab-3/Source/Lab3.v Line: 15
    Warning (13410): Pin "HEX1[7]" is stuck at VCC File: C:/Users/adamp/Documents/GitHub/ECEN-2350-Dgitial-Logic-Lab-3/Source/Lab3.v Line: 15
    Warning (13410): Pin "HEX2[0]" is stuck at VCC File: C:/Users/adamp/Documents/GitHub/ECEN-2350-Dgitial-Logic-Lab-3/Source/Lab3.v Line: 16
    Warning (13410): Pin "HEX2[1]" is stuck at VCC File: C:/Users/adamp/Documents/GitHub/ECEN-2350-Dgitial-Logic-Lab-3/Source/Lab3.v Line: 16
    Warning (13410): Pin "HEX2[2]" is stuck at VCC File: C:/Users/adamp/Documents/GitHub/ECEN-2350-Dgitial-Logic-Lab-3/Source/Lab3.v Line: 16
    Warning (13410): Pin "HEX2[3]" is stuck at VCC File: C:/Users/adamp/Documents/GitHub/ECEN-2350-Dgitial-Logic-Lab-3/Source/Lab3.v Line: 16
    Warning (13410): Pin "HEX2[4]" is stuck at VCC File: C:/Users/adamp/Documents/GitHub/ECEN-2350-Dgitial-Logic-Lab-3/Source/Lab3.v Line: 16
    Warning (13410): Pin "HEX2[5]" is stuck at VCC File: C:/Users/adamp/Documents/GitHub/ECEN-2350-Dgitial-Logic-Lab-3/Source/Lab3.v Line: 16
    Warning (13410): Pin "HEX2[6]" is stuck at VCC File: C:/Users/adamp/Documents/GitHub/ECEN-2350-Dgitial-Logic-Lab-3/Source/Lab3.v Line: 16
    Warning (13410): Pin "HEX2[7]" is stuck at VCC File: C:/Users/adamp/Documents/GitHub/ECEN-2350-Dgitial-Logic-Lab-3/Source/Lab3.v Line: 16
    Warning (13410): Pin "HEX3[0]" is stuck at VCC File: C:/Users/adamp/Documents/GitHub/ECEN-2350-Dgitial-Logic-Lab-3/Source/Lab3.v Line: 17
    Warning (13410): Pin "HEX3[1]" is stuck at VCC File: C:/Users/adamp/Documents/GitHub/ECEN-2350-Dgitial-Logic-Lab-3/Source/Lab3.v Line: 17
    Warning (13410): Pin "HEX3[2]" is stuck at VCC File: C:/Users/adamp/Documents/GitHub/ECEN-2350-Dgitial-Logic-Lab-3/Source/Lab3.v Line: 17
    Warning (13410): Pin "HEX3[3]" is stuck at VCC File: C:/Users/adamp/Documents/GitHub/ECEN-2350-Dgitial-Logic-Lab-3/Source/Lab3.v Line: 17
    Warning (13410): Pin "HEX3[4]" is stuck at VCC File: C:/Users/adamp/Documents/GitHub/ECEN-2350-Dgitial-Logic-Lab-3/Source/Lab3.v Line: 17
    Warning (13410): Pin "HEX3[5]" is stuck at VCC File: C:/Users/adamp/Documents/GitHub/ECEN-2350-Dgitial-Logic-Lab-3/Source/Lab3.v Line: 17
    Warning (13410): Pin "HEX3[6]" is stuck at VCC File: C:/Users/adamp/Documents/GitHub/ECEN-2350-Dgitial-Logic-Lab-3/Source/Lab3.v Line: 17
    Warning (13410): Pin "HEX3[7]" is stuck at VCC File: C:/Users/adamp/Documents/GitHub/ECEN-2350-Dgitial-Logic-Lab-3/Source/Lab3.v Line: 17
    Warning (13410): Pin "HEX4[0]" is stuck at VCC File: C:/Users/adamp/Documents/GitHub/ECEN-2350-Dgitial-Logic-Lab-3/Source/Lab3.v Line: 18
    Warning (13410): Pin "HEX4[1]" is stuck at VCC File: C:/Users/adamp/Documents/GitHub/ECEN-2350-Dgitial-Logic-Lab-3/Source/Lab3.v Line: 18
    Warning (13410): Pin "HEX4[2]" is stuck at VCC File: C:/Users/adamp/Documents/GitHub/ECEN-2350-Dgitial-Logic-Lab-3/Source/Lab3.v Line: 18
    Warning (13410): Pin "HEX4[3]" is stuck at VCC File: C:/Users/adamp/Documents/GitHub/ECEN-2350-Dgitial-Logic-Lab-3/Source/Lab3.v Line: 18
    Warning (13410): Pin "HEX4[4]" is stuck at VCC File: C:/Users/adamp/Documents/GitHub/ECEN-2350-Dgitial-Logic-Lab-3/Source/Lab3.v Line: 18
    Warning (13410): Pin "HEX4[5]" is stuck at VCC File: C:/Users/adamp/Documents/GitHub/ECEN-2350-Dgitial-Logic-Lab-3/Source/Lab3.v Line: 18
    Warning (13410): Pin "HEX4[6]" is stuck at VCC File: C:/Users/adamp/Documents/GitHub/ECEN-2350-Dgitial-Logic-Lab-3/Source/Lab3.v Line: 18
    Warning (13410): Pin "HEX4[7]" is stuck at VCC File: C:/Users/adamp/Documents/GitHub/ECEN-2350-Dgitial-Logic-Lab-3/Source/Lab3.v Line: 18
    Warning (13410): Pin "HEX5[0]" is stuck at VCC File: C:/Users/adamp/Documents/GitHub/ECEN-2350-Dgitial-Logic-Lab-3/Source/Lab3.v Line: 19
    Warning (13410): Pin "HEX5[1]" is stuck at VCC File: C:/Users/adamp/Documents/GitHub/ECEN-2350-Dgitial-Logic-Lab-3/Source/Lab3.v Line: 19
    Warning (13410): Pin "HEX5[2]" is stuck at VCC File: C:/Users/adamp/Documents/GitHub/ECEN-2350-Dgitial-Logic-Lab-3/Source/Lab3.v Line: 19
    Warning (13410): Pin "HEX5[3]" is stuck at VCC File: C:/Users/adamp/Documents/GitHub/ECEN-2350-Dgitial-Logic-Lab-3/Source/Lab3.v Line: 19
    Warning (13410): Pin "HEX5[4]" is stuck at VCC File: C:/Users/adamp/Documents/GitHub/ECEN-2350-Dgitial-Logic-Lab-3/Source/Lab3.v Line: 19
    Warning (13410): Pin "HEX5[5]" is stuck at VCC File: C:/Users/adamp/Documents/GitHub/ECEN-2350-Dgitial-Logic-Lab-3/Source/Lab3.v Line: 19
    Warning (13410): Pin "HEX5[6]" is stuck at VCC File: C:/Users/adamp/Documents/GitHub/ECEN-2350-Dgitial-Logic-Lab-3/Source/Lab3.v Line: 19
    Warning (13410): Pin "HEX5[7]" is stuck at VCC File: C:/Users/adamp/Documents/GitHub/ECEN-2350-Dgitial-Logic-Lab-3/Source/Lab3.v Line: 19
    Warning (13410): Pin "LEDR[3]" is stuck at GND File: C:/Users/adamp/Documents/GitHub/ECEN-2350-Dgitial-Logic-Lab-3/Source/Lab3.v Line: 25
    Warning (13410): Pin "LEDR[4]" is stuck at GND File: C:/Users/adamp/Documents/GitHub/ECEN-2350-Dgitial-Logic-Lab-3/Source/Lab3.v Line: 25
    Warning (13410): Pin "LEDR[5]" is stuck at GND File: C:/Users/adamp/Documents/GitHub/ECEN-2350-Dgitial-Logic-Lab-3/Source/Lab3.v Line: 25
    Warning (13410): Pin "LEDR[6]" is stuck at GND File: C:/Users/adamp/Documents/GitHub/ECEN-2350-Dgitial-Logic-Lab-3/Source/Lab3.v Line: 25
Info (286030): Timing-Driven Synthesis is running
Info (144001): Generated suppressed messages file C:/Users/adamp/Documents/GitHub/ECEN-2350-Dgitial-Logic-Lab-3/Quartus/Lab3.map.smsg
Info (16010): Generating hard_block partition "hard_block:auto_generated_inst"
    Info (16011): Adding 0 node(s), including 0 DDIO, 0 PLL, 0 transceiver and 0 LCELL
Warning (21074): Design contains 10 input pin(s) that do not drive logic
    Warning (15610): No output dependent on input pin "MAX10_CLK1_50" File: C:/Users/adamp/Documents/GitHub/ECEN-2350-Dgitial-Logic-Lab-3/Source/Lab3.v Line: 10
    Warning (15610): No output dependent on input pin "MAX10_CLK2_50" File: C:/Users/adamp/Documents/GitHub/ECEN-2350-Dgitial-Logic-Lab-3/Source/Lab3.v Line: 11
    Warning (15610): No output dependent on input pin "SW[2]" File: C:/Users/adamp/Documents/GitHub/ECEN-2350-Dgitial-Logic-Lab-3/Source/Lab3.v Line: 29
    Warning (15610): No output dependent on input pin "SW[3]" File: C:/Users/adamp/Documents/GitHub/ECEN-2350-Dgitial-Logic-Lab-3/Source/Lab3.v Line: 29
    Warning (15610): No output dependent on input pin "SW[4]" File: C:/Users/adamp/Documents/GitHub/ECEN-2350-Dgitial-Logic-Lab-3/Source/Lab3.v Line: 29
    Warning (15610): No output dependent on input pin "SW[5]" File: C:/Users/adamp/Documents/GitHub/ECEN-2350-Dgitial-Logic-Lab-3/Source/Lab3.v Line: 29
    Warning (15610): No output dependent on input pin "SW[6]" File: C:/Users/adamp/Documents/GitHub/ECEN-2350-Dgitial-Logic-Lab-3/Source/Lab3.v Line: 29
    Warning (15610): No output dependent on input pin "SW[7]" File: C:/Users/adamp/Documents/GitHub/ECEN-2350-Dgitial-Logic-Lab-3/Source/Lab3.v Line: 29
    Warning (15610): No output dependent on input pin "SW[8]" File: C:/Users/adamp/Documents/GitHub/ECEN-2350-Dgitial-Logic-Lab-3/Source/Lab3.v Line: 29
    Warning (15610): No output dependent on input pin "SW[9]" File: C:/Users/adamp/Documents/GitHub/ECEN-2350-Dgitial-Logic-Lab-3/Source/Lab3.v Line: 29
Info (21057): Implemented 131 device resources after synthesis - the final resource count might be different
    Info (21058): Implemented 15 input pins
    Info (21059): Implemented 58 output pins
    Info (21061): Implemented 58 logic cells
Info: Quartus Prime Analysis & Synthesis was successful. 0 errors, 73 warnings
    Info: Peak virtual memory: 4807 megabytes
    Info: Processing ended: Tue Dec 10 17:54:42 2019
    Info: Elapsed time: 00:00:12
    Info: Total CPU time (on all processors): 00:00:26


+------------------------------------------+
; Analysis & Synthesis Suppressed Messages ;
+------------------------------------------+
The suppressed messages can be found in C:/Users/adamp/Documents/GitHub/ECEN-2350-Dgitial-Logic-Lab-3/Quartus/Lab3.map.smsg.


